<?xml version="1.0" encoding="UTF-8"?>
<testsuite xmlns:xsi="http://www.w3.org/2001/XMLSchema-instance" xsi:noNamespaceSchemaLocation="https://maven.apache.org/surefire/maven-surefire-plugin/xsd/surefire-test-report.xsd" version="3.0.2" name="com.example.PatientService.controller.PatientControllerTest" time="16.79" tests="6" errors="0" skipped="0" failures="0">
  <properties>
[...]
</properties>
  <testcase name="testGetPatientById" classname="com.example.PatientService.controller.PatientControllerTest" time="1.16">
    <system-out><![CDATA[20:45:56.388 [main] INFO org.springframework.test.context.support.AnnotationConfigContextLoaderUtils -- Could not detect default configuration classes for test class [com.example.PatientService.controller.PatientControllerTest]: PatientControllerTest does not declare any static, non-private, non-final, nested classes annotated with @Configuration.
20:45:57.313 [main] INFO org.springframework.boot.test.context.SpringBootTestContextBootstrapper -- Found @SpringBootConfiguration com.example.PatientService.PatientServiceApplication for test class com.example.PatientService.controller.PatientControllerTest
20:45:57.778 [main] INFO org.springframework.boot.devtools.restart.RestartApplicationListener -- Restart disabled due to context in which it is running

  .   ____          _            __ _ _
 /\\ / ___'_ __ _ _(_)_ __  __ _ \ \ \ \
( ( )\___ | '_ | '_| | '_ \/ _` | \ \ \ \
 \\/  ___)| |_)| | | | | || (_| |  ) ) ) )
  '  |____| .__|_| |_|_| |_\__, | / / / /
 =========|_|==============|___/=/_/_/_/

 :: Spring Boot ::                (v3.5.0)

2025-05-25T20:46:00.080+02:00  INFO 5988 --- [PatientService] [           main] c.e.P.controller.PatientControllerTest   : Starting PatientControllerTest using Java 17.0.15 with PID 5988 (started by Wishal Fatima in C:\Users\WALEED TRADERS\Desktop\PDP3\PatientService)
2025-05-25T20:46:00.085+02:00  INFO 5988 --- [PatientService] [           main] c.e.P.controller.PatientControllerTest   : No active profile set, falling back to 1 default profile: "default"
2025-05-25T20:46:10.365+02:00  INFO 5988 --- [PatientService] [           main] o.s.b.t.m.w.SpringBootMockServletContext : Initializing Spring TestDispatcherServlet ''
2025-05-25T20:46:10.368+02:00  INFO 5988 --- [PatientService] [           main] o.s.t.web.servlet.TestDispatcherServlet  : Initializing Servlet ''
2025-05-25T20:46:10.390+02:00  INFO 5988 --- [PatientService] [           main] o.s.t.web.servlet.TestDispatcherServlet  : Completed initialization in 9 ms
2025-05-25T20:46:10.574+02:00  INFO 5988 --- [PatientService] [           main] c.e.P.controller.PatientControllerTest   : Started PatientControllerTest in 12.859 seconds (process running for 18.659)
]]></system-out>
  </testcase>
  <testcase name="testGetAllPatients" classname="com.example.PatientService.controller.PatientControllerTest" time="0.118"/>
  <testcase name="testUpdatePatient" classname="com.example.PatientService.controller.PatientControllerTest" time="0.187"/>
  <testcase name="testAddPatient" classname="com.example.PatientService.controller.PatientControllerTest" time="0.064"/>
  <testcase name="testDeletePatient" classname="com.example.PatientService.controller.PatientControllerTest" time="0.042"/>
  <testcase name="testGetPatientById_NotFound" classname="com.example.PatientService.controller.PatientControllerTest" time="0.031"/>
</testsuite>